Start testing: Jun 13 01:29 MSK
----------------------------------------------------------
1/10 Testing: SchedulerTest.TaskReturnsTuple
1/10 Test: SchedulerTest.TaskReturnsTuple
Command: "/Users/artem/CLionProjects/labwork9-artemdan228/build/tests" "--gtest_filter=SchedulerTest.TaskReturnsTuple" "--gtest_also_run_disabled_tests"
Directory: /Users/artem/CLionProjects/labwork9-artemdan228/build
"SchedulerTest.TaskReturnsTuple" start time: Jun 13 01:29 MSK
Output:
----------------------------------------------------------
Running main() from /Users/artem/CLionProjects/labwork9-artemdan228/build/_deps/googletest-src/googletest/src/gtest_main.cc
Note: Google Test filter = SchedulerTest.TaskReturnsTuple
[==========] Running 1 test from 1 test suite.
[----------] Global test environment set-up.
[----------] 1 test from SchedulerTest
[ RUN      ] SchedulerTest.TaskReturnsTuple
[       OK ] SchedulerTest.TaskReturnsTuple (0 ms)
[----------] 1 test from SchedulerTest (0 ms total)

[----------] Global test environment tear-down
[==========] 1 test from 1 test suite ran. (0 ms total)
[  PASSED  ] 1 test.
<end of output>
Test time =   0.01 sec
----------------------------------------------------------
Test Passed.
"SchedulerTest.TaskReturnsTuple" end time: Jun 13 01:29 MSK
"SchedulerTest.TaskReturnsTuple" time elapsed: 00:00:00
----------------------------------------------------------

2/10 Testing: SchedulerTest.TaskReturnsPair
2/10 Test: SchedulerTest.TaskReturnsPair
Command: "/Users/artem/CLionProjects/labwork9-artemdan228/build/tests" "--gtest_filter=SchedulerTest.TaskReturnsPair" "--gtest_also_run_disabled_tests"
Directory: /Users/artem/CLionProjects/labwork9-artemdan228/build
"SchedulerTest.TaskReturnsPair" start time: Jun 13 01:29 MSK
Output:
----------------------------------------------------------
Running main() from /Users/artem/CLionProjects/labwork9-artemdan228/build/_deps/googletest-src/googletest/src/gtest_main.cc
Note: Google Test filter = SchedulerTest.TaskReturnsPair
[==========] Running 1 test from 1 test suite.
[----------] Global test environment set-up.
[----------] 1 test from SchedulerTest
[ RUN      ] SchedulerTest.TaskReturnsPair
[       OK ] SchedulerTest.TaskReturnsPair (0 ms)
[----------] 1 test from SchedulerTest (0 ms total)

[----------] Global test environment tear-down
[==========] 1 test from 1 test suite ran. (0 ms total)
[  PASSED  ] 1 test.
<end of output>
Test time =   0.01 sec
----------------------------------------------------------
Test Passed.
"SchedulerTest.TaskReturnsPair" end time: Jun 13 01:29 MSK
"SchedulerTest.TaskReturnsPair" time elapsed: 00:00:00
----------------------------------------------------------

3/10 Testing: SchedulerTest.FutureResultImplicitCast
3/10 Test: SchedulerTest.FutureResultImplicitCast
Command: "/Users/artem/CLionProjects/labwork9-artemdan228/build/tests" "--gtest_filter=SchedulerTest.FutureResultImplicitCast" "--gtest_also_run_disabled_tests"
Directory: /Users/artem/CLionProjects/labwork9-artemdan228/build
"SchedulerTest.FutureResultImplicitCast" start time: Jun 13 01:29 MSK
Output:
----------------------------------------------------------
Running main() from /Users/artem/CLionProjects/labwork9-artemdan228/build/_deps/googletest-src/googletest/src/gtest_main.cc
Note: Google Test filter = SchedulerTest.FutureResultImplicitCast
[==========] Running 1 test from 1 test suite.
[----------] Global test environment set-up.
[----------] 1 test from SchedulerTest
[ RUN      ] SchedulerTest.FutureResultImplicitCast
[       OK ] SchedulerTest.FutureResultImplicitCast (0 ms)
[----------] 1 test from SchedulerTest (0 ms total)

[----------] Global test environment tear-down
[==========] 1 test from 1 test suite ran. (0 ms total)
[  PASSED  ] 1 test.
<end of output>
Test time =   0.01 sec
----------------------------------------------------------
Test Passed.
"SchedulerTest.FutureResultImplicitCast" end time: Jun 13 01:29 MSK
"SchedulerTest.FutureResultImplicitCast" time elapsed: 00:00:00
----------------------------------------------------------

4/10 Testing: SchedulerTest.FutureExecutesLazily
4/10 Test: SchedulerTest.FutureExecutesLazily
Command: "/Users/artem/CLionProjects/labwork9-artemdan228/build/tests" "--gtest_filter=SchedulerTest.FutureExecutesLazily" "--gtest_also_run_disabled_tests"
Directory: /Users/artem/CLionProjects/labwork9-artemdan228/build
"SchedulerTest.FutureExecutesLazily" start time: Jun 13 01:29 MSK
Output:
----------------------------------------------------------
Running main() from /Users/artem/CLionProjects/labwork9-artemdan228/build/_deps/googletest-src/googletest/src/gtest_main.cc
Note: Google Test filter = SchedulerTest.FutureExecutesLazily
[==========] Running 1 test from 1 test suite.
[----------] Global test environment set-up.
[----------] 1 test from SchedulerTest
[ RUN      ] SchedulerTest.FutureExecutesLazily
[       OK ] SchedulerTest.FutureExecutesLazily (0 ms)
[----------] 1 test from SchedulerTest (0 ms total)

[----------] Global test environment tear-down
[==========] 1 test from 1 test suite ran. (0 ms total)
[  PASSED  ] 1 test.
<end of output>
Test time =   0.01 sec
----------------------------------------------------------
Test Passed.
"SchedulerTest.FutureExecutesLazily" end time: Jun 13 01:29 MSK
"SchedulerTest.FutureExecutesLazily" time elapsed: 00:00:00
----------------------------------------------------------

5/10 Testing: SchedulerTest.MultipleTasksIndependent
5/10 Test: SchedulerTest.MultipleTasksIndependent
Command: "/Users/artem/CLionProjects/labwork9-artemdan228/build/tests" "--gtest_filter=SchedulerTest.MultipleTasksIndependent" "--gtest_also_run_disabled_tests"
Directory: /Users/artem/CLionProjects/labwork9-artemdan228/build
"SchedulerTest.MultipleTasksIndependent" start time: Jun 13 01:29 MSK
Output:
----------------------------------------------------------
Running main() from /Users/artem/CLionProjects/labwork9-artemdan228/build/_deps/googletest-src/googletest/src/gtest_main.cc
Note: Google Test filter = SchedulerTest.MultipleTasksIndependent
[==========] Running 1 test from 1 test suite.
[----------] Global test environment set-up.
[----------] 1 test from SchedulerTest
[ RUN      ] SchedulerTest.MultipleTasksIndependent
[       OK ] SchedulerTest.MultipleTasksIndependent (0 ms)
[----------] 1 test from SchedulerTest (0 ms total)

[----------] Global test environment tear-down
[==========] 1 test from 1 test suite ran. (0 ms total)
[  PASSED  ] 1 test.
<end of output>
Test time =   0.01 sec
----------------------------------------------------------
Test Passed.
"SchedulerTest.MultipleTasksIndependent" end time: Jun 13 01:29 MSK
"SchedulerTest.MultipleTasksIndependent" time elapsed: 00:00:00
----------------------------------------------------------

6/10 Testing: SchedulerTest.GetResultIsConsistent
6/10 Test: SchedulerTest.GetResultIsConsistent
Command: "/Users/artem/CLionProjects/labwork9-artemdan228/build/tests" "--gtest_filter=SchedulerTest.GetResultIsConsistent" "--gtest_also_run_disabled_tests"
Directory: /Users/artem/CLionProjects/labwork9-artemdan228/build
"SchedulerTest.GetResultIsConsistent" start time: Jun 13 01:29 MSK
Output:
----------------------------------------------------------
Running main() from /Users/artem/CLionProjects/labwork9-artemdan228/build/_deps/googletest-src/googletest/src/gtest_main.cc
Note: Google Test filter = SchedulerTest.GetResultIsConsistent
[==========] Running 1 test from 1 test suite.
[----------] Global test environment set-up.
[----------] 1 test from SchedulerTest
[ RUN      ] SchedulerTest.GetResultIsConsistent
[       OK ] SchedulerTest.GetResultIsConsistent (0 ms)
[----------] 1 test from SchedulerTest (0 ms total)

[----------] Global test environment tear-down
[==========] 1 test from 1 test suite ran. (0 ms total)
[  PASSED  ] 1 test.
<end of output>
Test time =   0.01 sec
----------------------------------------------------------
Test Passed.
"SchedulerTest.GetResultIsConsistent" end time: Jun 13 01:29 MSK
"SchedulerTest.GetResultIsConsistent" time elapsed: 00:00:00
----------------------------------------------------------

7/10 Testing: SchedulerTest.TaskThrowsException
7/10 Test: SchedulerTest.TaskThrowsException
Command: "/Users/artem/CLionProjects/labwork9-artemdan228/build/tests" "--gtest_filter=SchedulerTest.TaskThrowsException" "--gtest_also_run_disabled_tests"
Directory: /Users/artem/CLionProjects/labwork9-artemdan228/build
"SchedulerTest.TaskThrowsException" start time: Jun 13 01:29 MSK
Output:
----------------------------------------------------------
Running main() from /Users/artem/CLionProjects/labwork9-artemdan228/build/_deps/googletest-src/googletest/src/gtest_main.cc
Note: Google Test filter = SchedulerTest.TaskThrowsException
[==========] Running 1 test from 1 test suite.
[----------] Global test environment set-up.
[----------] 1 test from SchedulerTest
[ RUN      ] SchedulerTest.TaskThrowsException
[       OK ] SchedulerTest.TaskThrowsException (0 ms)
[----------] 1 test from SchedulerTest (0 ms total)

[----------] Global test environment tear-down
[==========] 1 test from 1 test suite ran. (0 ms total)
[  PASSED  ] 1 test.
<end of output>
Test time =   0.01 sec
----------------------------------------------------------
Test Passed.
"SchedulerTest.TaskThrowsException" end time: Jun 13 01:29 MSK
"SchedulerTest.TaskThrowsException" time elapsed: 00:00:00
----------------------------------------------------------

8/10 Testing: SchedulerTest.LongComputation
8/10 Test: SchedulerTest.LongComputation
Command: "/Users/artem/CLionProjects/labwork9-artemdan228/build/tests" "--gtest_filter=SchedulerTest.LongComputation" "--gtest_also_run_disabled_tests"
Directory: /Users/artem/CLionProjects/labwork9-artemdan228/build
"SchedulerTest.LongComputation" start time: Jun 13 01:29 MSK
Output:
----------------------------------------------------------
Running main() from /Users/artem/CLionProjects/labwork9-artemdan228/build/_deps/googletest-src/googletest/src/gtest_main.cc
Note: Google Test filter = SchedulerTest.LongComputation
[==========] Running 1 test from 1 test suite.
[----------] Global test environment set-up.
[----------] 1 test from SchedulerTest
[ RUN      ] SchedulerTest.LongComputation
[       OK ] SchedulerTest.LongComputation (0 ms)
[----------] 1 test from SchedulerTest (0 ms total)

[----------] Global test environment tear-down
[==========] 1 test from 1 test suite ran. (0 ms total)
[  PASSED  ] 1 test.
<end of output>
Test time =   0.01 sec
----------------------------------------------------------
Test Passed.
"SchedulerTest.LongComputation" end time: Jun 13 01:29 MSK
"SchedulerTest.LongComputation" time elapsed: 00:00:00
----------------------------------------------------------

9/10 Testing: SchedulerTest.ResultWithoutExecuteDefaultBehavior
9/10 Test: SchedulerTest.ResultWithoutExecuteDefaultBehavior
Command: "/Users/artem/CLionProjects/labwork9-artemdan228/build/tests" "--gtest_filter=SchedulerTest.ResultWithoutExecuteDefaultBehavior" "--gtest_also_run_disabled_tests"
Directory: /Users/artem/CLionProjects/labwork9-artemdan228/build
"SchedulerTest.ResultWithoutExecuteDefaultBehavior" start time: Jun 13 01:29 MSK
Output:
----------------------------------------------------------
Running main() from /Users/artem/CLionProjects/labwork9-artemdan228/build/_deps/googletest-src/googletest/src/gtest_main.cc
Note: Google Test filter = SchedulerTest.ResultWithoutExecuteDefaultBehavior
[==========] Running 1 test from 1 test suite.
[----------] Global test environment set-up.
[----------] 1 test from SchedulerTest
[ RUN      ] SchedulerTest.ResultWithoutExecuteDefaultBehavior
[       OK ] SchedulerTest.ResultWithoutExecuteDefaultBehavior (0 ms)
[----------] 1 test from SchedulerTest (0 ms total)

[----------] Global test environment tear-down
[==========] 1 test from 1 test suite ran. (0 ms total)
[  PASSED  ] 1 test.
<end of output>
Test time =   0.01 sec
----------------------------------------------------------
Test Passed.
"SchedulerTest.ResultWithoutExecuteDefaultBehavior" end time: Jun 13 01:29 MSK
"SchedulerTest.ResultWithoutExecuteDefaultBehavior" time elapsed: 00:00:00
----------------------------------------------------------

10/10 Testing: SchedulerTest.LambdaWithCapture
10/10 Test: SchedulerTest.LambdaWithCapture
Command: "/Users/artem/CLionProjects/labwork9-artemdan228/build/tests" "--gtest_filter=SchedulerTest.LambdaWithCapture" "--gtest_also_run_disabled_tests"
Directory: /Users/artem/CLionProjects/labwork9-artemdan228/build
"SchedulerTest.LambdaWithCapture" start time: Jun 13 01:29 MSK
Output:
----------------------------------------------------------
Running main() from /Users/artem/CLionProjects/labwork9-artemdan228/build/_deps/googletest-src/googletest/src/gtest_main.cc
Note: Google Test filter = SchedulerTest.LambdaWithCapture
[==========] Running 1 test from 1 test suite.
[----------] Global test environment set-up.
[----------] 1 test from SchedulerTest
[ RUN      ] SchedulerTest.LambdaWithCapture
[       OK ] SchedulerTest.LambdaWithCapture (0 ms)
[----------] 1 test from SchedulerTest (0 ms total)

[----------] Global test environment tear-down
[==========] 1 test from 1 test suite ran. (0 ms total)
[  PASSED  ] 1 test.
<end of output>
Test time =   0.01 sec
----------------------------------------------------------
Test Passed.
"SchedulerTest.LambdaWithCapture" end time: Jun 13 01:29 MSK
"SchedulerTest.LambdaWithCapture" time elapsed: 00:00:00
----------------------------------------------------------

End testing: Jun 13 01:29 MSK
